\BOOKMARK [1][-]{section.1}{Definitions}{}% 1
\BOOKMARK [1][-]{section.2}{Reformulation}{}% 2
\BOOKMARK [2][-]{subsection.2.1}{Kinematics and energies of continua with boundaries}{section.2}% 3
\BOOKMARK [3][-]{subsubsection.2.1.1}{Neo-Hookean type boundary potential}{subsection.2.1}% 4
\BOOKMARK [3][-]{subsubsection.2.1.2}{Surface tension boundary potential}{subsection.2.1}% 5
\BOOKMARK [2][-]{subsection.2.2}{Equilibrium Equations \(Strong Forms\)}{section.2}% 6
\BOOKMARK [3][-]{subsubsection.2.2.1}{Mechanical Equilibrium}{subsection.2.2}% 7
\BOOKMARK [3][-]{subsubsection.2.2.2}{Mass Conservation}{subsection.2.2}% 8
\BOOKMARK [2][-]{subsection.2.3}{Thermodynamic Theory}{section.2}% 9
\BOOKMARK [2][-]{subsection.2.4}{Kinetic Law}{section.2}% 10
\BOOKMARK [2][-]{subsection.2.5}{Strain Energy Density}{section.2}% 11
\BOOKMARK [2][-]{subsection.2.6}{Nominal Stress and Concentration}{section.2}% 12
\BOOKMARK [3][-]{subsubsection.2.6.1}{Nominal Stress}{subsection.2.6}% 13
\BOOKMARK [3][-]{subsubsection.2.6.2}{Concentration}{subsection.2.6}% 14
\BOOKMARK [2][-]{subsection.2.7}{Weak Forms and Time Integration}{section.2}% 15
\BOOKMARK [1][-]{section.3}{Normalization}{}% 16
\BOOKMARK [2][-]{subsection.3.1}{Normalization of Weak Forms}{section.3}% 17
\BOOKMARK [1][-]{section.4}{Initial Conditions}{}% 18
\BOOKMARK [2][-]{subsection.4.1}{Initial Condition for Chemical Potential without Surface Tension}{section.4}% 19
\BOOKMARK [2][-]{subsection.4.2}{Initial Condition for Chemical Potential with Surface Tension}{section.4}% 20
\BOOKMARK [1][-]{section.5}{Length-Scales}{}% 21
\BOOKMARK [2][-]{subsection.5.1}{Elastocapillary Length Scale}{section.5}% 22
