\BOOKMARK [1][-]{section.1}{Reformulation}{}% 1
\BOOKMARK [2][-]{subsection.1.1}{Kinematics and energies of continua with boundaries}{section.1}% 2
\BOOKMARK [3][-]{subsubsection.1.1.1}{Neo-Hookean type boundary potential}{subsection.1.1}% 3
\BOOKMARK [3][-]{subsubsection.1.1.2}{Surface tension boundary potential}{subsection.1.1}% 4
\BOOKMARK [2][-]{subsection.1.2}{Equilibrium Equations \(Strong Forms\)}{section.1}% 5
\BOOKMARK [3][-]{subsubsection.1.2.1}{Mechanical Equilibrium}{subsection.1.2}% 6
\BOOKMARK [3][-]{subsubsection.1.2.2}{Mass Conservation}{subsection.1.2}% 7
\BOOKMARK [2][-]{subsection.1.3}{Weak Forms}{section.1}% 8
\BOOKMARK [2][-]{subsection.1.4}{Free Energy}{section.1}% 9
\BOOKMARK [2][-]{subsection.1.5}{Kinetic Law}{section.1}% 10
\BOOKMARK [1][-]{section.2}{Formulation}{}% 11
\BOOKMARK [2][-]{subsection.2.1}{Equilibrium Equations \(Strong Forms\)}{section.2}% 12
\BOOKMARK [2][-]{subsection.2.2}{Weak Forms}{section.2}% 13
\BOOKMARK [3][-]{subsubsection.2.2.1}{Mechanical Equilibrium}{subsection.2.2}% 14
\BOOKMARK [3][-]{subsubsection.2.2.2}{Mass Conservation}{subsection.2.2}% 15
\BOOKMARK [2][-]{subsection.2.3}{Free Energy}{section.2}% 16
\BOOKMARK [2][-]{subsection.2.4}{Kinetic Law}{section.2}% 17
\BOOKMARK [2][-]{subsection.2.5}{Strain Energy Density}{section.2}% 18
\BOOKMARK [2][-]{subsection.2.6}{Nominal Stress and Concentration}{section.2}% 19
\BOOKMARK [3][-]{subsubsection.2.6.1}{Nominal Stress}{subsection.2.6}% 20
\BOOKMARK [3][-]{subsubsection.2.6.2}{Concentration}{subsection.2.6}% 21
\BOOKMARK [2][-]{subsection.2.7}{Weak Forms and Time Integration}{section.2}% 22
\BOOKMARK [1][-]{section.3}{Normalization}{}% 23
\BOOKMARK [2][-]{subsection.3.1}{Normalization of Weak Forms}{section.3}% 24
\BOOKMARK [3][-]{subsubsection.3.1.1}{Mechanical Equilibrium}{subsection.3.1}% 25
\BOOKMARK [3][-]{subsubsection.3.1.2}{Mass Conservation}{subsection.3.1}% 26
\BOOKMARK [1][-]{section.4}{Initial Conditions}{}% 27
\BOOKMARK [2][-]{subsection.4.1}{Initial Condition for Chemical Potential without Surface Tension}{section.4}% 28
\BOOKMARK [2][-]{subsection.4.2}{Initial Condition for Chemical Potential with Surface Tension}{section.4}% 29
\BOOKMARK [1][-]{section.5}{Length-Scales}{}% 30
\BOOKMARK [2][-]{subsection.5.1}{Elastocapillary Length Scale}{section.5}% 31
