\BOOKMARK [1][-]{section.1}{Frictionless Contact in Finite Deformation Problems}{}% 1
\BOOKMARK [2][-]{subsubsection.1.0.1}{Definitions}{section.1}% 2
\BOOKMARK [3][-]{subsubsection.1.0.2}{Method}{subsubsection.1.0.1}% 3
\BOOKMARK [1][-]{section.2}{Treatment of Contact Constraints}{}% 4
\BOOKMARK [2][-]{subsection.2.1}{Penalty Method}{section.2}% 5
\BOOKMARK [3][-]{subsubsection.2.1.1}{Definitions}{subsection.2.1}% 6
\BOOKMARK [3][-]{subsubsection.2.1.2}{Method}{subsection.2.1}% 7
\BOOKMARK [3][-]{subsubsection.2.1.3}{Remarks}{subsection.2.1}% 8
\BOOKMARK [2][-]{subsection.2.2}{Lagrange multiplier method}{section.2}% 9
\BOOKMARK [3][-]{subsubsection.2.2.1}{Definitions}{subsection.2.2}% 10
\BOOKMARK [3][-]{subsubsection.2.2.2}{Method}{subsection.2.2}% 11
\BOOKMARK [3][-]{subsubsection.2.2.3}{Stick and slip as constraints}{subsection.2.2}% 12
\BOOKMARK [3][-]{subsubsection.2.2.4}{Remarks}{subsection.2.2}% 13
\BOOKMARK [2][-]{subsection.2.3}{Augmented Lagrange Methods}{section.2}% 14
\BOOKMARK [3][-]{subsubsection.2.3.1}{Methods}{subsection.2.3}% 15
\BOOKMARK [3][-]{subsubsection.2.3.2}{Remarks}{subsection.2.3}% 16
\BOOKMARK [2][-]{subsection.2.4}{Direct Constraint Elimination}{section.2}% 17
\BOOKMARK [2][-]{subsection.2.5}{Constitutive Equation of the Interface}{section.2}% 18
\BOOKMARK [3][-]{subsubsection.2.5.1}{Definitions}{subsection.2.5}% 19
\BOOKMARK [3][-]{subsubsection.2.5.2}{Method}{subsection.2.5}% 20
\BOOKMARK [2][-]{subsection.2.6}{Nitsche Method}{section.2}% 21
\BOOKMARK [3][-]{subsubsection.2.6.1}{Definitions}{subsection.2.6}% 22
\BOOKMARK [3][-]{subsubsection.2.6.2}{Method}{subsection.2.6}% 23
\BOOKMARK [2][-]{subsection.2.7}{Perturbed Lagrange Formulation}{section.2}% 24
\BOOKMARK [3][-]{subsubsection.2.7.1}{Definitions}{subsection.2.7}% 25
\BOOKMARK [3][-]{subsubsection.2.7.2}{Method}{subsection.2.7}% 26
\BOOKMARK [3][-]{subsubsection.2.7.3}{Remarks}{subsection.2.7}% 27
\BOOKMARK [2][-]{subsection.2.8}{Barrier Method}{section.2}% 28
\BOOKMARK [3][-]{subsubsection.2.8.1}{Definitions}{subsection.2.8}% 29
\BOOKMARK [3][-]{subsubsection.2.8.2}{Method}{subsection.2.8}% 30
\BOOKMARK [3][-]{subsubsection.2.8.3}{Remarks}{subsection.2.8}% 31
\BOOKMARK [2][-]{subsection.2.9}{Cross-constraint Method}{section.2}% 32
\BOOKMARK [3][-]{subsubsection.2.9.1}{Definitions}{subsection.2.9}% 33
\BOOKMARK [3][-]{subsubsection.2.9.2}{Methods}{subsection.2.9}% 34
\BOOKMARK [1][-]{section.3}{Linearization of the Contact Contribution}{}% 35
\BOOKMARK [2][-]{subsection.3.1}{Normal Contact}{section.3}% 36
